<?xml version="1.0" encoding="UTF-8"?>
<testsuites>
  <testsuite name="syntax_colour_helper_test" file="C:\xampp\htdocs\projects\Leopard\application\tests\helpers\syntax_colour_helper_test.php" fullPackage="syntax.colour.helper" tests="6" assertions="5" failures="2" errors="0" time="0.124152">
    <testcase name="test_markComment" class="syntax_colour_helper_test" file="C:\xampp\htdocs\projects\Leopard\application\tests\helpers\syntax_colour_helper_test.php" line="5" assertions="1" time="0.039221"/>
    <testcase name="test_markCommentPhpDoc" class="syntax_colour_helper_test" file="C:\xampp\htdocs\projects\Leopard\application\tests\helpers\syntax_colour_helper_test.php" line="12" assertions="1" time="0.014792"/>
    <testcase name="test_markCommentForOneLinePhpDoc" class="syntax_colour_helper_test" file="C:\xampp\htdocs\projects\Leopard\application\tests\helpers\syntax_colour_helper_test.php" line="19" assertions="1" time="0.016057"/>
    <testcase name="test_markKeywords" class="syntax_colour_helper_test" file="C:\xampp\htdocs\projects\Leopard\application\tests\helpers\syntax_colour_helper_test.php" line="26" assertions="1" time="0.022370">
      <failure type="PHPUnit_Framework_ExpectationFailedException">syntax_colour_helper_test::test_markKeywords
Failed asserting that two strings are equal.
--- Expected
+++ Actual
@@ @@
-'&lt;span style="color:#CB772F;"&gt;public&lt;/span&gt; &lt;span style="color:#CB772F;"&gt;function&lt;/span&gt; getName(){'
+'public function getName(){'

C:\xampp\htdocs\projects\Leopard\application\tests\helpers\syntax_colour_helper_test.php:33
</failure>
    </testcase>
    <testcase name="test_markKeywordsSkipInString" class="syntax_colour_helper_test" file="C:\xampp\htdocs\projects\Leopard\application\tests\helpers\syntax_colour_helper_test.php" line="36" assertions="1" time="0.018471">
      <failure type="PHPUnit_Framework_ExpectationFailedException">syntax_colour_helper_test::test_markKeywordsSkipInString
Failed asserting that two strings are equal.
--- Expected
+++ Actual
@@ @@
-'&lt;span style="color:#CB772F;"&gt;public&lt;/span&gt; &lt;span style="color:#CB772F;"&gt;function&lt;/span&gt; getName(&lt;span style="color:#619647;"&gt;"public function"&lt;/span&gt;){'
+'&lt;span style="color:#CB772F;"&gt;&lt;span style="color:#CB772F;"&gt;public&lt;/span&gt;&lt;/span&gt; function getName("&lt;span style="color:#CB772F;"&gt;&lt;span style="color:#CB772F;"&gt;public&lt;/span&gt;&lt;/span&gt; function"){'

C:\xampp\htdocs\projects\Leopard\application\tests\helpers\syntax_colour_helper_test.php:43
</failure>
    </testcase>
    <testcase name="test_markString" class="syntax_colour_helper_test" file="C:\xampp\htdocs\projects\Leopard\application\tests\helpers\syntax_colour_helper_test.php" line="46" assertions="0" time="0.013241"/>
  </testsuite>
</testsuites>
